<?xml version="1.0" encoding="utf-8"?><testsuites name="pytest tests"><testsuite name="pytest" errors="0" failures="0" skipped="0" tests="12" time="5.443" timestamp="2026-05-28T01:01:40.489260+00:00" hostname="agent-env-107b7bfe-6016-42f3-9004-41bf3bfe5071"><testcase classname="backend.tests.test_homecart.TestAuth" name="test_register_login_me_logout" time="0.816" /><testcase classname="backend.tests.test_homecart.TestAuth" name="test_login_invalid" time="0.107" /><testcase classname="backend.tests.test_homecart.TestAuth" name="test_register_duplicate" time="0.364" /><testcase classname="backend.tests.test_homecart.TestAuth" name="test_admin_login" time="0.330" /><testcase classname="backend.tests.test_homecart.TestHomes" name="test_create_join_members" time="1.451" /><testcase classname="backend.tests.test_homecart.TestListsItemsAndPrices" name="test_create_list_and_visibility" time="1.314" /><testcase classname="backend.tests.test_homecart.TestListsItemsAndPrices" name="test_add_get_update_delete_items" time="0.444" /><testcase classname="backend.tests.test_homecart.TestListsItemsAndPrices" name="test_catalogue_populated" time="0.047" /><testcase classname="backend.tests.test_homecart.TestListsItemsAndPrices" name="test_item_prices" time="0.052" /><testcase classname="backend.tests.test_homecart.TestListsItemsAndPrices" name="test_basket_comparison" time="0.051" /><testcase classname="backend.tests.test_homecart.TestListsItemsAndPrices" name="test_archive_list" time="0.154" /><testcase classname="backend.tests.test_homecart.TestUnauth" name="test_no_cookie" time="0.230" /></testsuite></testsuites>